<?xml version="1.0" encoding="UTF-8"?>
<!-- Generated by org.testng.reporters.JUnitReportReporter -->
<testsuite hostname="bhupal" failures="0" tests="1" name="testCases.TC_004_SearchProductTest" time="3.671" errors="0" timestamp="2023-07-22T17:40:53 IST" skipped="0">
  <testcase classname="testCases.TC_004_SearchProductTest" name="test_pruductSearch" time="3.671"/>
</testsuite> <!-- testCases.TC_004_SearchProductTest -->
