<?xml version="1.0" encoding="UTF-8"?>
<!-- Generated by org.testng.reporters.JUnitReportReporter -->
<testsuite hostname="bhupal" failures="0" tests="2" name="testCases.TC_001_AccountRegistration" time="6.140" errors="0" timestamp="2023-07-21T21:45:37 IST" skipped="0">
  <testcase classname="testCases.TC_001_AccountRegistration" name="test_account_Registration" time="5.006"/>
  <testcase classname="testCases.TC_001_AccountRegistration" name="test_account_Registration1" time="1.134"/>
</testsuite> <!-- testCases.TC_001_AccountRegistration -->
