<?xml version="1.0" encoding="UTF-8"?>
<!-- Generated by org.testng.reporters.JUnitReportReporter -->
<testsuite hostname="bhupal" failures="0" tests="2" name="testCases.TC_001_AccountRegistration" time="6.087" errors="0" timestamp="2023-07-22T17:40:53 IST" skipped="0">
  <testcase classname="testCases.TC_001_AccountRegistration" name="test_account_Registration" time="4.909"/>
  <testcase classname="testCases.TC_001_AccountRegistration" name="test_account_Registration1" time="1.178"/>
</testsuite> <!-- testCases.TC_001_AccountRegistration -->
