<?xml version="1.0" encoding="UTF-8"?>
<!-- Generated by org.testng.reporters.JUnitReportReporter -->
<testsuite hostname="bhupal" failures="0" tests="1" name="testCases.TC_005_AddToCartPageTest" time="3.948" errors="0" timestamp="2023-07-22T17:40:53 IST" skipped="0">
  <testcase classname="testCases.TC_005_AddToCartPageTest" name="test_addToCart" time="3.948"/>
</testsuite> <!-- testCases.TC_005_AddToCartPageTest -->
