<?xml version="1.0" encoding="UTF-8"?>
<!-- Generated by org.testng.reporters.JUnitReportReporter -->
<testsuite hostname="bhupal" failures="0" tests="1" name="testCases.TC_002_LoginTest" time="1.962" errors="0" timestamp="2023-07-22T17:40:53 IST" skipped="0">
  <testcase classname="testCases.TC_002_LoginTest" name="test_login" time="1.962"/>
</testsuite> <!-- testCases.TC_002_LoginTest -->
