<?xml version="1.0" encoding="UTF-8"?>
<!-- Generated by org.testng.reporters.JUnitReportReporter -->
<testsuite hostname="bhupal" failures="0" tests="2" name="testCases.TC_001_AccountRegistration" time="5.529" errors="0" timestamp="2023-07-17T22:55:48 IST" skipped="0">
  <testcase classname="testCases.TC_001_AccountRegistration" name="test_account_Registration" time="4.503"/>
  <testcase classname="testCases.TC_001_AccountRegistration" name="test_account_Registration1" time="1.026"/>
</testsuite> <!-- testCases.TC_001_AccountRegistration -->
